%!Adobe-FontList 1.23
%Locale:0x41d

%BeginFont
Handler:DirectoryHandler
FontType:TrueType
FontName:FreeSansBold
FamilyName:FreeSans
StyleName:Bold
FullName:Free Sans Bold
MenuName:FreeSans
StyleBits:2
WritingScript:Roman
OutlineFileName:C:\Users\User-9100\Documents\DU\Layout och Typografi\Uppgifter\Uppgifter\INL3 Affisch\INL3 Affisch Folder\Document fonts\FreeSansBold.ttf
DataFormat:sfntData
hasSVG:no
VariableFontType:NonVariableFont
FileLength:359272
FileModTime:1284895082
WeightClass:700
WidthClass:5
AngleClass:0
NameArray:0,Mac,4,Free Sans Bold
NameArray:0,Win,1,FreeSans
%EndFont

%BeginFont
Handler:DirectoryHandler
FontType:TrueType
FontName:HelveticaNeueLight
FamilyName:HelveticaNeue
StyleName:Light
FullName:HelveticaNeue Light
MenuName:HelveticaNeue
StyleBits:0
WritingScript:Roman
OutlineFileName:C:\Users\User-9100\Documents\DU\Layout och Typografi\Uppgifter\Uppgifter\INL3 Affisch\INL3 Affisch Folder\Document fonts\HelveticaNeue Light.ttf
DataFormat:sfntData
hasSVG:no
VariableFontType:NonVariableFont
FileLength:40104
FileModTime:1628474512
WeightClass:400
WidthClass:5
AngleClass:0
NameArray:0,Mac,4,HelveticaNeue Light
NameArray:0,Win,1,HelveticaNeue
%EndFont

%BeginFont
Handler:DirectoryHandler
FontType:Type1
FontName:MinionPro-Regular
FamilyName:Minion Pro
StyleName:Regular
FullName:Minion Pro
MenuName:Minion Pro
StyleBits:0
WritingScript:Roman
OutlineFileName:C:\Users\User-9100\Documents\DU\Layout och Typografi\Uppgifter\Uppgifter\INL3 Affisch\INL3 Affisch Folder\Document fonts\MinionPro-Regular.otf
DataFormat:sfntData
UsesStandardEncoding:yes
isCFF:yes
hasSVG:no
VariableFontType:NonVariableFont
FileLength:218640
FileModTime:1658879388
WeightClass:400
WidthClass:5
AngleClass:0
DesignSize:110
NameArray:0,Mac,4,Minion Pro
NameArray:0,Win,1,Minion Pro
%EndFont

