%!Adobe-FontList 1.23
%Locale:0x41d

%BeginFont
Handler:DirectoryHandler
FontType:TrueType
FontName:HelveticaNeueLight
FamilyName:HelveticaNeue
StyleName:Light
FullName:HelveticaNeue Light
MenuName:HelveticaNeue
StyleBits:0
WritingScript:Roman
OutlineFileName:C:\Users\User-9100\Documents\DU\Layout och Typografi\Uppgifter\INL4 Manual\Slutversion\Nasrat_Ali Adrian_INL4_1\Nasrat_Ali Adrian_INL4_1_Slut_Slutversion\Document fonts\HelveticaNeue Light.ttf
DataFormat:sfntData
hasSVG:no
VariableFontType:NonVariableFont
FileLength:40104
FileModTime:1628474512
WeightClass:400
WidthClass:5
AngleClass:0
NameArray:0,Mac,4,HelveticaNeue Light
NameArray:0,Win,1,HelveticaNeue
%EndFont

%BeginFont
Handler:DirectoryHandler
FontType:TrueType
FontName:Calibri-Light
FamilyName:Calibri
StyleName:Light
FullName:Calibri Light
MenuName:Calibri Light
StyleBits:0
WritingScript:Roman
OutlineFileName:C:\Users\User-9100\Documents\DU\Layout och Typografi\Uppgifter\INL4 Manual\Slutversion\Nasrat_Ali Adrian_INL4_1\Nasrat_Ali Adrian_INL4_1_Slut_Slutversion\Document fonts\calibril.ttf
DataFormat:sfntData
hasSVG:no
VariableFontType:NonVariableFont
FileLength:1438808
FileModTime:1575709706
WeightClass:300
WidthClass:5
AngleClass:0
NameArray:0,Mac,18,Calibri Light
NameArray:0,Mac,4,Calibri Light
NameArray:0,Win,1,Calibri Light
NameArray:0,Win,16,Calibri
%EndFont

%BeginFont
Handler:DirectoryHandler
FontType:TrueType
FontName:Georgia
FamilyName:Georgia
StyleName:Regular
FullName:Georgia
MenuName:Georgia
StyleBits:0
WritingScript:Roman
OutlineFileName:C:\Users\User-9100\Documents\DU\Layout och Typografi\Uppgifter\INL4 Manual\Slutversion\Nasrat_Ali Adrian_INL4_1\Nasrat_Ali Adrian_INL4_1_Slut_Slutversion\Document fonts\georgia.ttf
DataFormat:sfntData
hasSVG:no
VariableFontType:NonVariableFont
FileLength:219712
FileModTime:1575709706
WeightClass:400
WidthClass:5
AngleClass:0
NameArray:0,Mac,4,Georgia
NameArray:0,Win,1,Georgia
%EndFont

%BeginFont
Handler:DirectoryHandler
FontType:TrueType
FontName:PalatinoLinotype-Roman
FamilyName:Palatino Linotype
StyleName:Regular
FullName:Palatino Linotype
MenuName:Palatino Linotype
StyleBits:0
WritingScript:Roman
OutlineFileName:C:\Users\User-9100\Documents\DU\Layout och Typografi\Uppgifter\INL4 Manual\Slutversion\Nasrat_Ali Adrian_INL4_1\Nasrat_Ali Adrian_INL4_1_Slut_Slutversion\Document fonts\pala.ttf
DataFormat:sfntData
hasSVG:no
VariableFontType:NonVariableFont
FileLength:472284
FileModTime:1575709717
WeightClass:400
WidthClass:5
AngleClass:0
NameArray:0,Mac,4,Palatino Linotype
NameArray:0,Win,1,Palatino Linotype
%EndFont

%BeginFont
Handler:DirectoryHandler
FontType:TrueType
FontName:TimesNewRomanPSMT
FamilyName:Times New Roman
StyleName:Regular
FullName:Times New Roman
MenuName:Times New Roman
StyleBits:0
WritingScript:Roman
OutlineFileName:C:\Users\User-9100\Documents\DU\Layout och Typografi\Uppgifter\INL4 Manual\Slutversion\Nasrat_Ali Adrian_INL4_1\Nasrat_Ali Adrian_INL4_1_Slut_Slutversion\Document fonts\times.ttf
DataFormat:sfntData
hasSVG:no
VariableFontType:NonVariableFont
FileLength:1195688
FileModTime:1575709707
WeightClass:400
WidthClass:5
AngleClass:0
NameArray:0,Mac,4,Times New Roman
NameArray:0,Win,1,Times New Roman
%EndFont

%BeginFont
Handler:DirectoryHandler
FontType:TrueType
FontName:TimesNewRomanPS-BoldMT
FamilyName:Times New Roman
StyleName:Bold
FullName:Times New Roman Bold
MenuName:Times New Roman
StyleBits:2
WritingScript:Roman
OutlineFileName:C:\Users\User-9100\Documents\DU\Layout och Typografi\Uppgifter\INL4 Manual\Slutversion\Nasrat_Ali Adrian_INL4_1\Nasrat_Ali Adrian_INL4_1_Slut_Slutversion\Document fonts\timesbd.ttf
DataFormat:sfntData
hasSVG:no
VariableFontType:NonVariableFont
FileLength:1175904
FileModTime:1575709707
WeightClass:700
WidthClass:5
AngleClass:0
NameArray:0,Mac,4,Times New Roman Bold
NameArray:0,Win,1,Times New Roman
%EndFont

%BeginFont
Handler:DirectoryHandler
FontType:TrueType
FontName:TimesNewRomanPS-BoldItalicMT
FamilyName:Times New Roman
StyleName:Bold Italic
FullName:Times New Roman Bold Italic
MenuName:Times New Roman
StyleBits:3
WritingScript:Roman
OutlineFileName:C:\Users\User-9100\Documents\DU\Layout och Typografi\Uppgifter\INL4 Manual\Slutversion\Nasrat_Ali Adrian_INL4_1\Nasrat_Ali Adrian_INL4_1_Slut_Slutversion\Document fonts\timesbi.ttf
DataFormat:sfntData
hasSVG:no
VariableFontType:NonVariableFont
FileLength:881860
FileModTime:1575709707
WeightClass:700
WidthClass:5
AngleClass:1
NameArray:0,Mac,4,Times New Roman Bold Italic
NameArray:0,Win,1,Times New Roman
%EndFont

%BeginFont
Handler:DirectoryHandler
FontType:TrueType
FontName:TimesNewRomanPS-ItalicMT
FamilyName:Times New Roman
StyleName:Italic
FullName:Times New Roman Italic
MenuName:Times New Roman
StyleBits:1
WritingScript:Roman
OutlineFileName:C:\Users\User-9100\Documents\DU\Layout och Typografi\Uppgifter\INL4 Manual\Slutversion\Nasrat_Ali Adrian_INL4_1\Nasrat_Ali Adrian_INL4_1_Slut_Slutversion\Document fonts\timesi.ttf
DataFormat:sfntData
hasSVG:no
VariableFontType:NonVariableFont
FileLength:940288
FileModTime:1575709707
WeightClass:400
WidthClass:5
AngleClass:1
NameArray:0,Mac,4,Times New Roman Italic
NameArray:0,Win,1,Times New Roman
%EndFont

