%!Adobe-FontList 1.23
%Locale:0x41d

%BeginFont
Handler:DirectoryHandler
FontType:TrueType
FontName:AntarcticanHeadline-Bold
FamilyName:Antarctican Headline
StyleName:Bold
FullName:AntarcticanHeadline-Bold
MenuName:Antarctican Headline Bold
StyleBits:2
WritingScript:Roman
OutlineFileName:C:\Users\User-9100\Documents\DU\Layout och Typografi\Uppgifter\Uppgifter\INL2 Visitkort\INL2 Folder\Document fonts\AntarcticanHeadline-Bold.ttf
DataFormat:sfntData
hasSVG:no
VariableFontType:NonVariableFont
FileLength:128364
FileModTime:1699497432
WeightClass:700
WidthClass:5
AngleClass:0
NameArray:0,Mac,4,AntarcticanHeadline-Bold
NameArray:0,Win,1,Antarctican Headline Bold
NameArray:0,Win,16,Antarctican Headline
%EndFont

%BeginFont
Handler:DirectoryHandler
FontType:TrueType
FontName:HelveticaNeueLight
FamilyName:HelveticaNeue
StyleName:Light
FullName:HelveticaNeue Light
MenuName:HelveticaNeue
StyleBits:0
WritingScript:Roman
OutlineFileName:C:\Users\User-9100\Documents\DU\Layout och Typografi\Uppgifter\Uppgifter\INL2 Visitkort\INL2 Folder\Document fonts\HelveticaNeue Light.ttf
DataFormat:sfntData
hasSVG:no
VariableFontType:NonVariableFont
FileLength:40104
FileModTime:1628474512
WeightClass:400
WidthClass:5
AngleClass:0
NameArray:0,Mac,4,HelveticaNeue Light
NameArray:0,Win,1,HelveticaNeue
%EndFont

%BeginFont
Handler:DirectoryHandler
FontType:Type1
FontName:MinionPro-Regular
FamilyName:Minion Pro
StyleName:Regular
FullName:Minion Pro
MenuName:Minion Pro
StyleBits:0
WritingScript:Roman
OutlineFileName:C:\Users\User-9100\Documents\DU\Layout och Typografi\Uppgifter\Uppgifter\INL2 Visitkort\INL2 Folder\Document fonts\MinionPro-Regular.otf
DataFormat:sfntData
UsesStandardEncoding:yes
isCFF:yes
hasSVG:no
VariableFontType:NonVariableFont
FileLength:218640
FileModTime:1658879388
WeightClass:400
WidthClass:5
AngleClass:0
DesignSize:110
NameArray:0,Mac,4,Minion Pro
NameArray:0,Win,1,Minion Pro
%EndFont

